<?xml version="1.0" encoding="UTF-8"?>
<!-- Generated by org.testng.reporters.JUnitReportReporter -->
<testsuite hostname="DESKTOP-DKVFQQ5" failures="0" tests="5" name="com.selenium.testng.tests.CartTest" time="0.051" errors="0" timestamp="2023-04-04T16:43:24 IST" skipped="0">
  <testcase classname="com.selenium.testng.tests.CartTest" name="testEmptyCart" time="0.014"/>
  <system-out/>
  <testcase classname="com.selenium.testng.tests.CartTest" name="testMultipleItems" time="0.003"/>
  <system-out/>
  <testcase classname="com.selenium.testng.tests.CartTest" name="testMultipleItems" time="0.005"/>
  <system-out/>
  <testcase classname="com.selenium.testng.tests.CartTest" name="testEmptyCart" time="0.022"/>
  <system-out/>
  <testcase classname="com.selenium.testng.tests.CartTest" name="testSingleItems" time="0.007"/>
  <system-out/>
</testsuite> <!-- com.selenium.testng.tests.CartTest -->
